.next/dev/types/app/creator/create/page.ts(2,24): error TS2307: Cannot find module '../../../../../../src/app/creator/create/page.js' or its corresponding type declarations.
.next/dev/types/app/creator/create/page.ts(7,29): error TS2307: Cannot find module '../../../../../../src/app/creator/create/page.js' or its corresponding type declarations.
.next/dev/types/app/creator/layout.ts(2,24): error TS2307: Cannot find module '../../../../../src/app/creator/layout.js' or its corresponding type declarations.
.next/dev/types/app/creator/layout.ts(7,29): error TS2307: Cannot find module '../../../../../src/app/creator/layout.js' or its corresponding type declarations.
src/auth.ts(13,5): error TS2322: Type 'import("C:/Users/jaimi/.gemini/antigravity/scratch/blitz-deck/node_modules/@auth/drizzle-adapter/node_modules/@auth/core/adapters").Adapter' is not assignable to type 'import("C:/Users/jaimi/.gemini/antigravity/scratch/blitz-deck/node_modules/@auth/core/adapters").Adapter'.
  Types of property 'createUser' are incompatible.
    Type '((user: import("C:/Users/jaimi/.gemini/antigravity/scratch/blitz-deck/node_modules/@auth/drizzle-adapter/node_modules/@auth/core/adapters").AdapterUser) => import("C:/Users/jaimi/.gemini/antigravity/scratch/blitz-deck/node_modules/@auth/drizzle-adapter/node_modules/@auth/core/types").Awaitable<import("C:/Users/jaimi...' is not assignable to type '((user: import("C:/Users/jaimi/.gemini/antigravity/scratch/blitz-deck/node_modules/@auth/core/adapters").AdapterUser) => import("C:/Users/jaimi/.gemini/antigravity/scratch/blitz-deck/node_modules/@auth/core/types").Awaitable<import("C:/Users/jaimi/.gemini/antigravity/scratch/blitz-deck/node_modules/@auth/core/adapte...'.
      Type '(user: import("C:/Users/jaimi/.gemini/antigravity/scratch/blitz-deck/node_modules/@auth/drizzle-adapter/node_modules/@auth/core/adapters").AdapterUser) => import("C:/Users/jaimi/.gemini/antigravity/scratch/blitz-deck/node_modules/@auth/drizzle-adapter/node_modules/@auth/core/types").Awaitable<import("C:/Users/jaimi/...' is not assignable to type '(user: import("C:/Users/jaimi/.gemini/antigravity/scratch/blitz-deck/node_modules/@auth/core/adapters").AdapterUser) => import("C:/Users/jaimi/.gemini/antigravity/scratch/blitz-deck/node_modules/@auth/core/types").Awaitable<import("C:/Users/jaimi/.gemini/antigravity/scratch/blitz-deck/node_modules/@auth/core/adapter...'.
        Type 'import("C:/Users/jaimi/.gemini/antigravity/scratch/blitz-deck/node_modules/@auth/drizzle-adapter/node_modules/@auth/core/types").Awaitable<import("C:/Users/jaimi/.gemini/antigravity/scratch/blitz-deck/node_modules/@auth/drizzle-adapter/node_modules/@auth/core/adapters").AdapterUser>' is not assignable to type 'import("C:/Users/jaimi/.gemini/antigravity/scratch/blitz-deck/node_modules/@auth/core/types").Awaitable<import("C:/Users/jaimi/.gemini/antigravity/scratch/blitz-deck/node_modules/@auth/core/adapters").AdapterUser>'.
          Type 'AdapterUser' is not assignable to type 'Awaitable<AdapterUser>'.
            Property 'role' is missing in type 'import("C:/Users/jaimi/.gemini/antigravity/scratch/blitz-deck/node_modules/@auth/drizzle-adapter/node_modules/@auth/core/adapters").AdapterUser' but required in type 'import("C:/Users/jaimi/.gemini/antigravity/scratch/blitz-deck/node_modules/@auth/core/adapters").AdapterUser'.
src/auth.ts(29,17): error TS2322: Type 'unknown' is not assignable to type 'string'.
src/auth.ts(31,17): error TS2322: Type 'unknown' is not assignable to type 'string | null | undefined'.
